<?xml version="1.0" encoding="UTF-8"?>
<!-- Generated by org.testng.reporters.JUnitReportReporter -->
<testsuite hostname="Prabhat" failures="0" tests="4" name="tests.Searchtest" time="171.473" errors="0" timestamp="2025-10-27T20:06:12 IST" skipped="0">
  <testcase classname="tests.Searchtest" name="searchProductTest" time="32.590"/>
  <system-out/>
  <testcase classname="tests.Searchtest" name="searchProductTest" time="50.259"/>
  <system-out/>
  <testcase classname="tests.Searchtest" name="searchProductTest" time="41.360"/>
  <system-out/>
  <testcase classname="tests.Searchtest" name="searchProductTest" time="47.264"/>
  <system-out/>
</testsuite> <!-- tests.Searchtest -->
