<?xml version="1.0" encoding="UTF-8"?>
<!-- Generated by org.testng.reporters.JUnitReportReporter -->
<testsuite hostname="Prabhat" failures="0" tests="1" name="tests.LoginTest" time="6.318" errors="0" timestamp="2025-10-03T21:03:20 IST" skipped="0">
  <testcase classname="tests.LoginTest" name="loginToFlipkart" time="6.318"/>
  <system-out/>
</testsuite> <!-- tests.LoginTest -->
