<?xml version="1.0" encoding="UTF-8"?>
<!-- Generated by org.testng.reporters.JUnitReportReporter -->
<testsuite hostname="Prabhat" failures="0" tests="1" name="tests.LoginTest" time="15.888" errors="0" timestamp="2025-10-27T19:59:58 IST" skipped="0">
  <testcase classname="tests.LoginTest" name="loginToFlipkart" time="15.888"/>
  <system-out/>
</testsuite> <!-- tests.LoginTest -->
